{
"src\\app\\calendar\\calendar.component.ts":{"path":"src\\app\\calendar\\calendar.component.ts","statementMap":{"1":{"start":{"line":1,"column":0},"end":{"line":1,"column":41}},"2":{"start":{"line":9,"column":30},"end":{"line":9,"column":0}},"3":{"start":{"line":10,"column":4},"end":{"line":12,"column":5}},"4":{"start":{"line":11,"column":8},"end":{"line":11,"column":17}},"5":{"start":{"line":13,"column":0},"end":{"line":13,"column":1}},"6":{"start":{"line":9,"column":13},"end":{"line":13,"column":1}},"7":{"start":{"line":9,"column":13},"end":{"line":9,"column":30}}},"fnMap":{"1":{"name":"(anonymous_0)","line":9,"loc":{"start":{"line":9,"column":30},"end":{"line":9,"column":0}}},"2":{"name":"CalendarComponent","line":9,"loc":{"start":{"line":9,"column":0},"end":{"line":13,"column":1}}},"3":{"name":"(anonymous_2)","line":10,"loc":{"start":{"line":10,"column":4},"end":{"line":12,"column":5}}}},"branchMap":{},"s":{"1":1,"2":1,"3":1,"4":1,"5":1,"6":1,"7":1},"b":{},"f":{"1":1,"2":1,"3":1},"l":{"1":1,"9":1,"10":1,"11":1,"13":1}},
"src\\app\\services\\user.service.ts":{"path":"src\\app\\services\\user.service.ts","statementMap":{"1":{"start":{"line":1,"column":0},"end":{"line":1,"column":42}},"2":{"start":{"line":2,"column":0},"end":{"line":2,"column":71}},"3":{"start":{"line":4,"column":0},"end":{"line":4,"column":41}},"4":{"start":{"line":7,"column":24},"end":{"line":7,"column":0}},"5":{"start":{"line":8,"column":24},"end":{"line":8,"column":34}},"6":{"start":{"line":8,"column":44},"end":{"line":8,"column":61}},"7":{"start":{"line":9,"column":4},"end":{"line":11,"column":5}},"8":{"start":{"line":10,"column":8},"end":{"line":10,"column":124}},"9":{"start":{"line":10,"column":107},"end":{"line":10,"column":122}},"10":{"start":{"line":12,"column":4},"end":{"line":14,"column":5}},"11":{"start":{"line":13,"column":8},"end":{"line":13,"column":88}},"12":{"start":{"line":16,"column":4},"end":{"line":18,"column":5}},"13":{"start":{"line":17,"column":8},"end":{"line":17,"column":82}},"14":{"start":{"line":20,"column":4},"end":{"line":22,"column":5}},"15":{"start":{"line":21,"column":8},"end":{"line":21,"column":17}},"16":{"start":{"line":26,"column":12},"end":{"line":33,"column":5}},"17":{"start":{"line":28,"column":26},"end":{"line":28,"column":73}},"18":{"start":{"line":29,"column":8},"end":{"line":32,"column":9}},"19":{"start":{"line":30,"column":26},"end":{"line":30,"column":89}},"20":{"start":{"line":31,"column":12},"end":{"line":31,"column":60}},"21":{"start":{"line":34,"column":0},"end":{"line":34,"column":1}},"22":{"start":{"line":7,"column":13},"end":{"line":34,"column":1}},"23":{"start":{"line":7,"column":13},"end":{"line":7,"column":24}}},"fnMap":{"1":{"name":"(anonymous_0)","line":7,"loc":{"start":{"line":7,"column":24},"end":{"line":7,"column":0}}},"2":{"name":"UserService","line":8,"loc":{"start":{"line":8,"column":61},"end":{"line":8,"column":66}}},"3":{"name":"(anonymous_2)","line":9,"loc":{"start":{"line":9,"column":23},"end":{"line":11,"column":5}}},"4":{"name":"(anonymous_3)","line":10,"loc":{"start":{"line":10,"column":102},"end":{"line":10,"column":122}}},"5":{"name":"(anonymous_4)","line":12,"loc":{"start":{"line":12,"column":21},"end":{"line":14,"column":5}}},"6":{"name":"(anonymous_5)","line":16,"loc":{"start":{"line":16,"column":22},"end":{"line":18,"column":5}}},"7":{"name":"(anonymous_6)","line":20,"loc":{"start":{"line":20,"column":4},"end":{"line":22,"column":5}}},"8":{"name":"(anonymous_7)","line":26,"loc":{"start":{"line":26,"column":4},"end":{"line":33,"column":5}}}},"branchMap":{"1":{"line":29,"type":"if","locations":[{"start":{"line":29,"column":8},"end":{"line":32,"column":9}},{"start":{"line":29,"column":8},"end":{"line":32,"column":9}}]},"2":{"line":29,"type":"binary-expr","locations":[{"start":{"line":29,"column":12},"end":{"line":29,"column":23}},{"start":{"line":29,"column":27},"end":{"line":29,"column":44}}]}},"s":{"1":1,"2":1,"3":1,"4":1,"5":0,"6":0,"7":1,"8":0,"9":0,"10":1,"11":0,"12":1,"13":0,"14":1,"15":0,"16":1,"17":0,"18":0,"19":0,"20":0,"21":1,"22":1,"23":1},"b":{"1":[0,0],"2":[0,0]},"f":{"1":1,"2":0,"3":0,"4":0,"5":0,"6":0,"7":0,"8":0},"l":{"1":1,"2":1,"4":1,"7":1,"8":0,"9":1,"10":0,"12":1,"13":0,"16":1,"17":0,"20":1,"21":0,"26":1,"28":0,"29":0,"30":0,"31":0,"34":1}},
"src\\app\\app.config.ts":{"path":"src\\app\\app.config.ts","statementMap":{"1":{"start":{"line":1,"column":0},"end":{"line":3,"column":0}},"2":{"start":{"line":2,"column":11},"end":{"line":2,"column":44}},"3":{"start":{"line":3,"column":0},"end":{"line":3,"column":1}},"4":{"start":{"line":1,"column":13},"end":{"line":1,"column":22}}},"fnMap":{"1":{"name":"(anonymous_0)","line":1,"loc":{"start":{"line":1,"column":0},"end":{"line":1,"column":-1}}},"2":{"name":"AppConfig","line":1,"loc":{"start":{"line":1,"column":0},"end":{"line":3,"column":1}}}},"branchMap":{},"s":{"1":1,"2":0,"3":1,"4":1},"b":{},"f":{"1":1,"2":0},"l":{"1":1,"2":0,"3":1}}}
