{
"src\\app\\calendar\\calendar.component.ts":{"path":"src\\app\\calendar\\calendar.component.ts","statementMap":{"1":{"start":{"line":1,"column":0},"end":{"line":1,"column":39}},"2":{"start":{"line":10,"column":30},"end":{"line":10,"column":0}},"3":{"start":{"line":11,"column":4},"end":{"line":13,"column":5}},"4":{"start":{"line":12,"column":8},"end":{"line":12,"column":17}},"5":{"start":{"line":14,"column":0},"end":{"line":14,"column":1}},"6":{"start":{"line":10,"column":13},"end":{"line":14,"column":1}},"7":{"start":{"line":10,"column":13},"end":{"line":10,"column":30}}},"fnMap":{"1":{"name":"(anonymous_0)","line":10,"loc":{"start":{"line":10,"column":30},"end":{"line":10,"column":0}}},"2":{"name":"CalendarComponent","line":10,"loc":{"start":{"line":10,"column":0},"end":{"line":14,"column":1}}},"3":{"name":"(anonymous_2)","line":11,"loc":{"start":{"line":11,"column":4},"end":{"line":13,"column":5}}}},"branchMap":{},"s":{"1":1,"2":1,"3":1,"4":1,"5":1,"6":1,"7":1},"b":{},"f":{"1":1,"2":1,"3":1},"l":{"1":1,"10":1,"11":1,"12":1,"14":1}},
"src\\app\\guards\\guards.ts":{"path":"src\\app\\guards\\guards.ts","statementMap":{"1":{"start":{"line":1,"column":0},"end":{"line":1,"column":42}},"2":{"start":{"line":2,"column":0},"end":{"line":2,"column":98}},"3":{"start":{"line":5,"column":22},"end":{"line":5,"column":0}},"4":{"start":{"line":7,"column":24},"end":{"line":7,"column":38}},"5":{"start":{"line":9,"column":4},"end":{"line":18,"column":5}},"6":{"start":{"line":10,"column":8},"end":{"line":13,"column":9}},"7":{"start":{"line":12,"column":12},"end":{"line":12,"column":24}},"8":{"start":{"line":16,"column":8},"end":{"line":16,"column":83}},"9":{"start":{"line":17,"column":8},"end":{"line":17,"column":21}},"10":{"start":{"line":19,"column":0},"end":{"line":19,"column":1}},"11":{"start":{"line":5,"column":13},"end":{"line":19,"column":1}},"12":{"start":{"line":5,"column":13},"end":{"line":5,"column":22}}},"fnMap":{"1":{"name":"(anonymous_0)","line":5,"loc":{"start":{"line":5,"column":22},"end":{"line":5,"column":0}}},"2":{"name":"AuthGuard","line":7,"loc":{"start":{"line":7,"column":38},"end":{"line":7,"column":43}}},"3":{"name":"(anonymous_2)","line":9,"loc":{"start":{"line":9,"column":73},"end":{"line":18,"column":5}}}},"branchMap":{"1":{"line":10,"type":"if","locations":[{"start":{"line":10,"column":8},"end":{"line":13,"column":9}},{"start":{"line":10,"column":8},"end":{"line":13,"column":9}}]}},"s":{"1":1,"2":1,"3":1,"4":1,"5":1,"6":1,"7":0,"8":1,"9":0,"10":1,"11":1,"12":1},"b":{"1":[0,1]},"f":{"1":1,"2":1,"3":1},"l":{"1":1,"2":1,"5":1,"7":1,"9":1,"10":1,"12":0,"16":1,"17":0,"19":1}},
"src\\app\\login\\login.component.ts":{"path":"src\\app\\login\\login.component.ts","statementMap":{"1":{"start":{"line":1,"column":0},"end":{"line":1,"column":69}},"2":{"start":{"line":2,"column":0},"end":{"line":2,"column":54}},"3":{"start":{"line":4,"column":0},"end":{"line":4,"column":72}},"4":{"start":{"line":5,"column":0},"end":{"line":5,"column":68}},"5":{"start":{"line":14,"column":27},"end":{"line":14,"column":0}},"6":{"start":{"line":26,"column":15},"end":{"line":26,"column":36}},"7":{"start":{"line":27,"column":15},"end":{"line":27,"column":29}},"8":{"start":{"line":28,"column":15},"end":{"line":28,"column":59}},"9":{"start":{"line":29,"column":15},"end":{"line":29,"column":48}},"10":{"start":{"line":16,"column":13},"end":{"line":16,"column":45}},"11":{"start":{"line":18,"column":11},"end":{"line":21,"column":6}},"12":{"start":{"line":22,"column":12},"end":{"line":22,"column":37}},"13":{"start":{"line":31,"column":4},"end":{"line":37,"column":5}},"14":{"start":{"line":33,"column":7},"end":{"line":33,"column":43}},"15":{"start":{"line":36,"column":7},"end":{"line":36,"column":80}},"16":{"start":{"line":39,"column":4},"end":{"line":51,"column":5}},"17":{"start":{"line":39,"column":4},"end":{"line":51,"column":4}},"18":{"start":{"line":40,"column":7},"end":{"line":40,"column":27}},"19":{"start":{"line":41,"column":7},"end":{"line":50,"column":18}},"20":{"start":{"line":44,"column":19},"end":{"line":44,"column":58}},"21":{"start":{"line":48,"column":19},"end":{"line":48,"column":57}},"22":{"start":{"line":49,"column":19},"end":{"line":49,"column":40}},"23":{"start":{"line":52,"column":0},"end":{"line":52,"column":1}},"24":{"start":{"line":14,"column":13},"end":{"line":52,"column":1}},"25":{"start":{"line":14,"column":13},"end":{"line":14,"column":27}}},"fnMap":{"1":{"name":"(anonymous_0)","line":14,"loc":{"start":{"line":14,"column":27},"end":{"line":14,"column":0}}},"2":{"name":"LoginComponent","line":29,"loc":{"start":{"line":29,"column":48},"end":{"line":29,"column":53}}},"3":{"name":"(anonymous_2)","line":31,"loc":{"start":{"line":31,"column":4},"end":{"line":37,"column":5}}},"4":{"name":"(anonymous_3)","line":39,"loc":{"start":{"line":39,"column":4},"end":{"line":51,"column":5}}},"5":{"name":"(anonymous_4)","line":43,"loc":{"start":{"line":43,"column":19},"end":{"line":46,"column":16}}},"6":{"name":"(anonymous_5)","line":47,"loc":{"start":{"line":47,"column":20},"end":{"line":50,"column":16}}}},"branchMap":{"1":{"line":36,"type":"binary-expr","locations":[{"start":{"line":36,"column":24},"end":{"line":36,"column":68}},{"start":{"line":36,"column":72},"end":{"line":36,"column":79}}]}},"s":{"1":1,"2":1,"3":1,"4":1,"5":1,"6":1,"7":1,"8":1,"9":1,"10":2,"11":1,"12":1,"13":1,"14":0,"15":0,"16":1,"17":1,"18":1,"19":1,"20":0,"21":0,"22":0,"23":1,"24":1,"25":1},"b":{"1":[0,0]},"f":{"1":1,"2":1,"3":0,"4":1,"5":0,"6":0},"l":{"1":1,"2":1,"4":1,"5":1,"14":1,"16":2,"18":1,"22":1,"26":1,"27":1,"28":1,"29":1,"31":1,"33":0,"36":0,"39":1,"40":1,"41":1,"44":0,"48":0,"49":0,"52":1}},
"src\\app\\services\\authentication.service.ts":{"path":"src\\app\\services\\authentication.service.ts","statementMap":{"1":{"start":{"line":1,"column":0},"end":{"line":1,"column":42}},"2":{"start":{"line":2,"column":0},"end":{"line":2,"column":55}},"3":{"start":{"line":3,"column":0},"end":{"line":3,"column":30}},"4":{"start":{"line":5,"column":0},"end":{"line":5,"column":41}},"5":{"start":{"line":8,"column":34},"end":{"line":8,"column":0}},"6":{"start":{"line":9,"column":24},"end":{"line":9,"column":34}},"7":{"start":{"line":9,"column":44},"end":{"line":9,"column":61}},"8":{"start":{"line":11,"column":4},"end":{"line":21,"column":5}},"9":{"start":{"line":12,"column":8},"end":{"line":20,"column":15}},"10":{"start":{"line":15,"column":27},"end":{"line":15,"column":42}},"11":{"start":{"line":16,"column":16},"end":{"line":19,"column":17}},"12":{"start":{"line":18,"column":20},"end":{"line":18,"column":78}},"13":{"start":{"line":23,"column":4},"end":{"line":26,"column":5}},"14":{"start":{"line":25,"column":8},"end":{"line":25,"column":47}},"15":{"start":{"line":27,"column":0},"end":{"line":27,"column":1}},"16":{"start":{"line":8,"column":13},"end":{"line":27,"column":1}},"17":{"start":{"line":8,"column":13},"end":{"line":8,"column":34}}},"fnMap":{"1":{"name":"(anonymous_0)","line":8,"loc":{"start":{"line":8,"column":34},"end":{"line":8,"column":0}}},"2":{"name":"AuthenticationService","line":9,"loc":{"start":{"line":9,"column":61},"end":{"line":9,"column":66}}},"3":{"name":"(anonymous_2)","line":11,"loc":{"start":{"line":11,"column":44},"end":{"line":21,"column":5}}},"4":{"name":"(anonymous_3)","line":13,"loc":{"start":{"line":13,"column":36},"end":{"line":20,"column":13}}},"5":{"name":"(anonymous_4)","line":23,"loc":{"start":{"line":23,"column":4},"end":{"line":26,"column":5}}}},"branchMap":{"1":{"line":16,"type":"if","locations":[{"start":{"line":16,"column":16},"end":{"line":19,"column":17}},{"start":{"line":16,"column":16},"end":{"line":19,"column":17}}]},"2":{"line":16,"type":"binary-expr","locations":[{"start":{"line":16,"column":20},"end":{"line":16,"column":24}},{"start":{"line":16,"column":28},"end":{"line":16,"column":38}}]}},"s":{"1":1,"2":1,"3":1,"4":1,"5":1,"6":2,"7":2,"8":1,"9":1,"10":0,"11":0,"12":0,"13":1,"14":1,"15":1,"16":1,"17":1},"b":{"1":[0,0],"2":[0,0]},"f":{"1":1,"2":2,"3":1,"4":0,"5":1},"l":{"1":1,"2":1,"3":1,"5":1,"8":1,"9":2,"11":1,"12":1,"15":0,"16":0,"18":0,"23":1,"25":1,"27":1}},
"src\\app\\app.config.ts":{"path":"src\\app\\app.config.ts","statementMap":{"1":{"start":{"line":1,"column":0},"end":{"line":3,"column":0}},"2":{"start":{"line":2,"column":11},"end":{"line":2,"column":44}},"3":{"start":{"line":3,"column":0},"end":{"line":3,"column":1}},"4":{"start":{"line":1,"column":13},"end":{"line":1,"column":22}}},"fnMap":{"1":{"name":"(anonymous_0)","line":1,"loc":{"start":{"line":1,"column":0},"end":{"line":1,"column":-1}}},"2":{"name":"AppConfig","line":1,"loc":{"start":{"line":1,"column":0},"end":{"line":3,"column":1}}}},"branchMap":{},"s":{"1":1,"2":0,"3":1,"4":1},"b":{},"f":{"1":1,"2":0},"l":{"1":1,"2":0,"3":1}},
"src\\app\\services\\notification.service.ts":{"path":"src\\app\\services\\notification.service.ts","statementMap":{"1":{"start":{"line":1,"column":0},"end":{"line":1,"column":42}},"2":{"start":{"line":3,"column":0},"end":{"line":3,"column":38}},"3":{"start":{"line":6,"column":32},"end":{"line":6,"column":0}},"4":{"start":{"line":7,"column":12},"end":{"line":7,"column":41}},"5":{"start":{"line":9,"column":5},"end":{"line":11,"column":5}},"6":{"start":{"line":10,"column":8},"end":{"line":10,"column":62}},"7":{"start":{"line":13,"column":4},"end":{"line":15,"column":5}},"8":{"start":{"line":14,"column":8},"end":{"line":14,"column":60}},"9":{"start":{"line":17,"column":4},"end":{"line":19,"column":5}},"10":{"start":{"line":18,"column":8},"end":{"line":18,"column":43}},"11":{"start":{"line":20,"column":0},"end":{"line":20,"column":1}},"12":{"start":{"line":6,"column":13},"end":{"line":20,"column":1}},"13":{"start":{"line":6,"column":13},"end":{"line":6,"column":32}}},"fnMap":{"1":{"name":"(anonymous_0)","line":6,"loc":{"start":{"line":6,"column":32},"end":{"line":6,"column":0}}},"2":{"name":"NotificationService","line":5,"loc":{"start":{"line":5,"column":0},"end":{"line":20,"column":1}}},"3":{"name":"(anonymous_2)","line":9,"loc":{"start":{"line":9,"column":28},"end":{"line":11,"column":5}}},"4":{"name":"(anonymous_3)","line":13,"loc":{"start":{"line":13,"column":25},"end":{"line":15,"column":5}}},"5":{"name":"(anonymous_4)","line":17,"loc":{"start":{"line":17,"column":4},"end":{"line":19,"column":5}}}},"branchMap":{},"s":{"1":1,"2":1,"3":1,"4":4,"5":1,"6":1,"7":1,"8":1,"9":1,"10":1,"11":1,"12":1,"13":1},"b":{},"f":{"1":1,"2":4,"3":1,"4":1,"5":1},"l":{"1":1,"3":1,"6":1,"7":4,"9":1,"10":1,"13":1,"14":1,"17":1,"18":1,"20":1}},
"src\\app\\notification\\notification.component.ts":{"path":"src\\app\\notification\\notification.component.ts","statementMap":{"1":{"start":{"line":1,"column":0},"end":{"line":1,"column":49}},"2":{"start":{"line":2,"column":0},"end":{"line":2,"column":68}},"3":{"start":{"line":12,"column":34},"end":{"line":12,"column":0}},"4":{"start":{"line":15,"column":24},"end":{"line":15,"column":63}},"5":{"start":{"line":17,"column":4},"end":{"line":19,"column":5}},"6":{"start":{"line":17,"column":4},"end":{"line":19,"column":4}},"7":{"start":{"line":18,"column":8},"end":{"line":18,"column":96}},"8":{"start":{"line":18,"column":69},"end":{"line":18,"column":92}},"9":{"start":{"line":20,"column":0},"end":{"line":20,"column":1}},"10":{"start":{"line":12,"column":13},"end":{"line":20,"column":1}},"11":{"start":{"line":12,"column":13},"end":{"line":12,"column":34}}},"fnMap":{"1":{"name":"(anonymous_0)","line":12,"loc":{"start":{"line":12,"column":34},"end":{"line":12,"column":0}}},"2":{"name":"NotificationComponent","line":15,"loc":{"start":{"line":15,"column":63},"end":{"line":15,"column":68}}},"3":{"name":"(anonymous_2)","line":17,"loc":{"start":{"line":17,"column":4},"end":{"line":19,"column":5}}},"4":{"name":"(anonymous_3)","line":18,"loc":{"start":{"line":18,"column":63},"end":{"line":18,"column":94}}}},"branchMap":{},"s":{"1":1,"2":1,"3":1,"4":1,"5":1,"6":1,"7":1,"8":0,"9":1,"10":1,"11":1},"b":{},"f":{"1":1,"2":1,"3":1,"4":0},"l":{"1":1,"2":1,"12":1,"15":1,"17":1,"18":1,"20":1}},
"src\\app\\registration\\registration.component.ts":{"path":"src\\app\\registration\\registration.component.ts","statementMap":{"1":{"start":{"line":1,"column":0},"end":{"line":1,"column":50}},"2":{"start":{"line":2,"column":0},"end":{"line":2,"column":52}},"3":{"start":{"line":4,"column":0},"end":{"line":4,"column":68}},"4":{"start":{"line":5,"column":0},"end":{"line":5,"column":64}},"5":{"start":{"line":13,"column":34},"end":{"line":13,"column":0}},"6":{"start":{"line":23,"column":24},"end":{"line":23,"column":48}},"7":{"start":{"line":24,"column":24},"end":{"line":24,"column":57}},"8":{"start":{"line":25,"column":24},"end":{"line":25,"column":60}},"9":{"start":{"line":15,"column":12},"end":{"line":20,"column":6}},"10":{"start":{"line":29,"column":4},"end":{"line":42,"column":5}},"11":{"start":{"line":29,"column":4},"end":{"line":42,"column":4}},"12":{"start":{"line":30,"column":8},"end":{"line":30,"column":31}},"13":{"start":{"line":31,"column":8},"end":{"line":41,"column":9}},"14":{"start":{"line":32,"column":12},"end":{"line":38,"column":19}},"15":{"start":{"line":34,"column":20},"end":{"line":34,"column":76}},"16":{"start":{"line":37,"column":20},"end":{"line":37,"column":55}},"17":{"start":{"line":40,"column":12},"end":{"line":40,"column":67}},"18":{"start":{"line":44,"column":4},"end":{"line":46,"column":5}},"19":{"start":{"line":45,"column":8},"end":{"line":45,"column":96}},"20":{"start":{"line":47,"column":4},"end":{"line":49,"column":5}},"21":{"start":{"line":48,"column":8},"end":{"line":48,"column":17}},"22":{"start":{"line":50,"column":0},"end":{"line":50,"column":1}},"23":{"start":{"line":14,"column":35},"end":{"line":14,"column":53}},"24":{"start":{"line":13,"column":13},"end":{"line":50,"column":1}},"25":{"start":{"line":13,"column":13},"end":{"line":13,"column":34}}},"fnMap":{"1":{"name":"(anonymous_0)","line":13,"loc":{"start":{"line":13,"column":34},"end":{"line":13,"column":0}}},"2":{"name":"RegistrationComponent","line":25,"loc":{"start":{"line":25,"column":60},"end":{"line":27,"column":5}}},"3":{"name":"(anonymous_2)","line":29,"loc":{"start":{"line":29,"column":4},"end":{"line":42,"column":5}}},"4":{"name":"(anonymous_3)","line":33,"loc":{"start":{"line":33,"column":16},"end":{"line":35,"column":17}}},"5":{"name":"(anonymous_4)","line":36,"loc":{"start":{"line":36,"column":19},"end":{"line":38,"column":17}}},"6":{"name":"(anonymous_5)","line":44,"loc":{"start":{"line":44,"column":4},"end":{"line":46,"column":5}}},"7":{"name":"(anonymous_6)","line":47,"loc":{"start":{"line":47,"column":4},"end":{"line":49,"column":5}}}},"branchMap":{"1":{"line":31,"type":"if","locations":[{"start":{"line":31,"column":8},"end":{"line":41,"column":9}},{"start":{"line":31,"column":8},"end":{"line":41,"column":9}}]}},"s":{"1":1,"2":1,"3":1,"4":1,"5":1,"6":1,"7":1,"8":1,"9":1,"10":1,"11":0,"12":0,"13":0,"14":0,"15":0,"16":0,"17":0,"18":1,"19":0,"20":1,"21":1,"22":1,"23":1,"24":1,"25":1},"b":{"1":[0,0]},"f":{"1":1,"2":1,"3":0,"4":0,"5":0,"6":0,"7":1},"l":{"1":1,"2":1,"4":1,"5":1,"13":1,"14":1,"15":1,"23":1,"24":1,"25":1,"29":1,"30":0,"31":0,"32":0,"34":0,"37":0,"40":0,"44":1,"45":0,"47":1,"48":1,"50":1}},
"src\\app\\services\\user.service.ts":{"path":"src\\app\\services\\user.service.ts","statementMap":{"1":{"start":{"line":1,"column":0},"end":{"line":1,"column":42}},"2":{"start":{"line":2,"column":0},"end":{"line":2,"column":71}},"3":{"start":{"line":4,"column":0},"end":{"line":4,"column":41}},"4":{"start":{"line":7,"column":24},"end":{"line":7,"column":0}},"5":{"start":{"line":8,"column":24},"end":{"line":8,"column":34}},"6":{"start":{"line":8,"column":44},"end":{"line":8,"column":61}},"7":{"start":{"line":9,"column":4},"end":{"line":11,"column":5}},"8":{"start":{"line":10,"column":8},"end":{"line":10,"column":124}},"9":{"start":{"line":10,"column":107},"end":{"line":10,"column":122}},"10":{"start":{"line":12,"column":4},"end":{"line":14,"column":5}},"11":{"start":{"line":13,"column":8},"end":{"line":13,"column":88}},"12":{"start":{"line":16,"column":4},"end":{"line":18,"column":5}},"13":{"start":{"line":17,"column":8},"end":{"line":17,"column":82}},"14":{"start":{"line":22,"column":12},"end":{"line":29,"column":5}},"15":{"start":{"line":24,"column":26},"end":{"line":24,"column":73}},"16":{"start":{"line":25,"column":8},"end":{"line":28,"column":9}},"17":{"start":{"line":26,"column":26},"end":{"line":26,"column":89}},"18":{"start":{"line":27,"column":12},"end":{"line":27,"column":60}},"19":{"start":{"line":30,"column":0},"end":{"line":30,"column":1}},"20":{"start":{"line":7,"column":13},"end":{"line":30,"column":1}},"21":{"start":{"line":7,"column":13},"end":{"line":7,"column":24}}},"fnMap":{"1":{"name":"(anonymous_0)","line":7,"loc":{"start":{"line":7,"column":24},"end":{"line":7,"column":0}}},"2":{"name":"UserService","line":8,"loc":{"start":{"line":8,"column":61},"end":{"line":8,"column":66}}},"3":{"name":"(anonymous_2)","line":9,"loc":{"start":{"line":9,"column":23},"end":{"line":11,"column":5}}},"4":{"name":"(anonymous_3)","line":10,"loc":{"start":{"line":10,"column":102},"end":{"line":10,"column":122}}},"5":{"name":"(anonymous_4)","line":12,"loc":{"start":{"line":12,"column":21},"end":{"line":14,"column":5}}},"6":{"name":"(anonymous_5)","line":16,"loc":{"start":{"line":16,"column":22},"end":{"line":18,"column":5}}},"7":{"name":"(anonymous_6)","line":22,"loc":{"start":{"line":22,"column":4},"end":{"line":29,"column":5}}}},"branchMap":{"1":{"line":25,"type":"if","locations":[{"start":{"line":25,"column":8},"end":{"line":28,"column":9}},{"start":{"line":25,"column":8},"end":{"line":28,"column":9}}]},"2":{"line":25,"type":"binary-expr","locations":[{"start":{"line":25,"column":12},"end":{"line":25,"column":23}},{"start":{"line":25,"column":27},"end":{"line":25,"column":44}}]}},"s":{"1":1,"2":1,"3":1,"4":1,"5":3,"6":3,"7":1,"8":0,"9":0,"10":1,"11":0,"12":1,"13":0,"14":1,"15":0,"16":0,"17":0,"18":0,"19":1,"20":1,"21":1},"b":{"1":[0,0],"2":[0,0]},"f":{"1":1,"2":3,"3":0,"4":0,"5":0,"6":0,"7":0},"l":{"1":1,"2":1,"4":1,"7":1,"8":3,"9":1,"10":0,"12":1,"13":0,"16":1,"17":0,"22":1,"24":0,"25":0,"26":0,"27":0,"30":1}},
"src\\app\\services\\validation.service.ts":{"path":"src\\app\\services\\validation.service.ts","statementMap":{"1":{"start":{"line":1,"column":0},"end":{"line":1,"column":40}},"2":{"start":{"line":4,"column":30},"end":{"line":4,"column":0}},"3":{"start":{"line":6,"column":4},"end":{"line":8,"column":5}},"4":{"start":{"line":7,"column":8},"end":{"line":7,"column":29}},"5":{"start":{"line":10,"column":4},"end":{"line":12,"column":5}},"6":{"start":{"line":14,"column":0},"end":{"line":14,"column":1}},"7":{"start":{"line":4,"column":13},"end":{"line":14,"column":1}},"8":{"start":{"line":4,"column":13},"end":{"line":4,"column":30}}},"fnMap":{"1":{"name":"(anonymous_0)","line":4,"loc":{"start":{"line":4,"column":30},"end":{"line":4,"column":0}}},"2":{"name":"ValidationService","line":4,"loc":{"start":{"line":4,"column":0},"end":{"line":14,"column":1}}},"3":{"name":"(anonymous_2)","line":6,"loc":{"start":{"line":6,"column":60},"end":{"line":8,"column":5}}},"4":{"name":"(anonymous_3)","line":10,"loc":{"start":{"line":10,"column":34},"end":{"line":12,"column":5}}}},"branchMap":{},"s":{"1":1,"2":1,"3":1,"4":1,"5":1,"6":1,"7":1,"8":1},"b":{},"f":{"1":1,"2":1,"3":1,"4":0},"l":{"1":1,"4":1,"6":1,"7":1,"10":1,"14":1}},
"src\\app\\services\\mockHttp.ts":{"path":"src\\app\\services\\mockHttp.ts","statementMap":{"1":{"start":{"line":1,"column":0},"end":{"line":1,"column":40}},"2":{"start":{"line":3,"column":21},"end":{"line":3,"column":0}},"3":{"start":{"line":4,"column":4},"end":{"line":4,"column":22}},"4":{"start":{"line":5,"column":4},"end":{"line":5,"column":23}},"5":{"start":{"line":6,"column":4},"end":{"line":6,"column":25}},"6":{"start":{"line":7,"column":0},"end":{"line":7,"column":1}},"7":{"start":{"line":3,"column":13},"end":{"line":7,"column":1}},"8":{"start":{"line":3,"column":13},"end":{"line":3,"column":21}}},"fnMap":{"1":{"name":"(anonymous_0)","line":3,"loc":{"start":{"line":3,"column":21},"end":{"line":3,"column":0}}},"2":{"name":"MockHttp","line":3,"loc":{"start":{"line":3,"column":0},"end":{"line":7,"column":1}}},"3":{"name":"(anonymous_2)","line":4,"loc":{"start":{"line":4,"column":19},"end":{"line":4,"column":22}}},"4":{"name":"(anonymous_3)","line":5,"loc":{"start":{"line":5,"column":20},"end":{"line":5,"column":23}}},"5":{"name":"(anonymous_4)","line":6,"loc":{"start":{"line":6,"column":22},"end":{"line":6,"column":25}}}},"branchMap":{},"s":{"1":1,"2":1,"3":1,"4":1,"5":1,"6":1,"7":1,"8":1},"b":{},"f":{"1":1,"2":0,"3":0,"4":0,"5":0},"l":{"1":1,"3":1,"4":1,"5":1,"6":1,"7":1}}}
